[0504/155547.996:ERROR:settings.cc(320)] Settings magic is not 1129342067
[0504/212346.509:ERROR:process_memory_win.cc(73)] ReadMemory at 0x7ff62d0b0000 of 64 bytes failed: ReadProcessMemory veya WriteProcessMemory isteðinin sadece bir parçasý tamamlandý. (0x12B)
[0504/212346.510:WARNING:pe_image_reader.cc(340)] could not read dos header from C:\Program Files (x86)\Google\Chrome\Application\chrome.exe
[0504/212346.511:ERROR:process_memory_win.cc(73)] ReadMemory at 0x7ff975540000 of 64 bytes failed: ReadProcessMemory veya WriteProcessMemory isteðinin sadece bir parçasý tamamlandý. (0x12B)
[0504/212346.511:WARNING:pe_image_reader.cc(340)] could not read dos header from C:\Windows\SYSTEM32\ntdll.dll
[0504/212346.511:ERROR:process_memory_win.cc(73)] ReadMemory at 0x7ff9751f0000 of 64 bytes failed: ReadProcessMemory veya WriteProcessMemory isteðinin sadece bir parçasý tamamlandý. (0x12B)
[0504/212346.511:WARNING:pe_image_reader.cc(340)] could not read dos header from C:\Windows\System32\KERNEL32.DLL
[0504/212346.511:ERROR:process_memory_win.cc(73)] ReadMemory at 0x7ff972540000 of 64 bytes failed: ReadProcessMemory veya WriteProcessMemory isteðinin sadece bir parçasý tamamlandý. (0x12B)
[0504/212346.511:WARNING:pe_image_reader.cc(340)] could not read dos header from C:\Windows\System32\KERNELBASE.dll
[0504/212346.511:ERROR:process_memory_win.cc(73)] ReadMemory at 0x7ff916ce0000 of 64 bytes failed: ReadProcessMemory veya WriteProcessMemory isteðinin sadece bir parçasý tamamlandý. (0x12B)
[0504/212346.511:WARNING:pe_image_reader.cc(340)] could not read dos header from C:\Program Files (x86)\Google\Chrome\Application\81.0.4044.129\chrome_elf.dll
[0504/212346.511:ERROR:process_memory_win.cc(73)] ReadMemory at 0x7ff96e5b0000 of 64 bytes failed: ReadProcessMemory veya WriteProcessMemory isteðinin sadece bir parçasý tamamlandý. (0x12B)
[0504/212346.511:WARNING:pe_image_reader.cc(340)] could not read dos header from C:\Windows\SYSTEM32\VERSION.dll
[0504/212346.511:ERROR:process_memory_win.cc(73)] ReadMemory at 0x7ff9752e0000 of 64 bytes failed: ReadProcessMemory veya WriteProcessMemory isteðinin sadece bir parçasý tamamlandý. (0x12B)
[0504/212346.511:WARNING:pe_image_reader.cc(340)] could not read dos header from C:\Windows\System32\msvcrt.dll
[0504/212346.511:ERROR:process_memory_win.cc(73)] ReadMemory at 0x7ff972ad0000 of 64 bytes failed: ReadProcessMemory veya WriteProcessMemory isteðinin sadece bir parçasý tamamlandý. (0x12B)
[0504/212346.511:WARNING:pe_image_reader.cc(340)] could not read dos header from C:\Windows\System32\bcryptPrimitives.dll
[0504/212346.511:ERROR:process_memory_win.cc(73)] ReadMemory at 0x7ff974070000 of 64 bytes failed: ReadProcessMemory veya WriteProcessMemory isteðinin sadece bir parçasý tamamlandý. (0x12B)
[0504/212346.511:WARNING:pe_image_reader.cc(340)] could not read dos header from C:\Windows\System32\ADVAPI32.dll
[0504/212346.511:ERROR:process_memory_win.cc(73)] ReadMemory at 0x7ff973d70000 of 64 bytes failed: ReadProcessMemory veya WriteProcessMemory isteðinin sadece bir parçasý tamamlandý. (0x12B)
[0504/212346.511:WARNING:pe_image_reader.cc(340)] could not read dos header from C:\Windows\System32\sechost.dll
[0504/212346.511:ERROR:process_memory_win.cc(73)] ReadMemory at 0x7ff973f50000 of 64 bytes failed: ReadProcessMemory veya WriteProcessMemory isteðinin sadece bir parçasý tamamlandý. (0x12B)
[0504/212346.511:WARNING:pe_image_reader.cc(340)] could not read dos header from C:\Windows\System32\RPCRT4.dll
[0504/212346.511:ERROR:process_memory_win.cc(73)] ReadMemory at 0x7ff90f040000 of 64 bytes failed: ReadProcessMemory veya WriteProcessMemory isteðinin sadece bir parçasý tamamlandý. (0x12B)
[0504/212346.511:WARNING:pe_image_reader.cc(340)] could not read dos header from C:\Program Files (x86)\Google\Chrome\Application\81.0.4044.129\chrome.dll
[0504/212346.511:ERROR:process_memory_win.cc(73)] ReadMemory at 0x7ff975490000 of 64 bytes failed: ReadProcessMemory veya WriteProcessMemory isteðinin sadece bir parçasý tamamlandý. (0x12B)
[0504/212346.511:WARNING:pe_image_reader.cc(340)] could not read dos header from C:\Windows\System32\WS2_32.dll
[0504/212346.511:ERROR:process_memory_win.cc(73)] ReadMemory at 0x7ff975120000 of 64 bytes failed: ReadProcessMemory veya WriteProcessMemory isteðinin sadece bir parçasý tamamlandý. (0x12B)
[0504/212346.511:WARNING:pe_image_reader.cc(340)] could not read dos header from C:\Windows\System32\OLEAUT32.dll
[0504/212346.512:ERROR:process_memory_win.cc(73)] ReadMemory at 0x7ff973550000 of 64 bytes failed: ReadProcessMemory veya WriteProcessMemory isteðinin sadece bir parçasý tamamlandý. (0x12B)
[0504/212346.512:WARNING:pe_image_reader.cc(340)] could not read dos header from C:\Windows\System32\msvcp_win.dll
[0504/212346.512:ERROR:process_memory_win.cc(73)] ReadMemory at 0x7ff9729d0000 of 64 bytes failed: ReadProcessMemory veya WriteProcessMemory isteðinin sadece bir parçasý tamamlandý. (0x12B)
[0504/212346.512:WARNING:pe_image_reader.cc(340)] could not read dos header from C:\Windows\System32\ucrtbase.dll
[0504/212346.512:ERROR:process_memory_win.cc(73)] ReadMemory at 0x7ff974130000 of 64 bytes failed: ReadProcessMemory veya WriteProcessMemory isteðinin sadece bir parçasý tamamlandý. (0x12B)
[0504/212346.512:WARNING:pe_image_reader.cc(340)] could not read dos header from C:\Windows\System32\combase.dll
[0504/212346.512:ERROR:process_memory_win.cc(73)] ReadMemory at 0x7ff9727f0000 of 64 bytes failed: ReadProcessMemory veya WriteProcessMemory isteðinin sadece bir parçasý tamamlandý. (0x12B)
[0504/212346.512:WARNING:pe_image_reader.cc(340)] could not read dos header from C:\Windows\System32\WINTRUST.dll
[0504/212346.512:ERROR:process_memory_win.cc(73)] ReadMemory at 0x7ff972410000 of 64 bytes failed: ReadProcessMemory veya WriteProcessMemory isteðinin sadece bir parçasý tamamlandý. (0x12B)
[0504/212346.512:WARNING:pe_image_reader.cc(340)] could not read dos header from C:\Windows\System32\MSASN1.dll
[0504/212346.512:ERROR:process_memory_win.cc(73)] ReadMemory at 0x7ff972880000 of 64 bytes failed: ReadProcessMemory veya WriteProcessMemory isteðinin sadece bir parçasý tamamlandý. (0x12B)
[0504/212346.512:WARNING:pe_image_reader.cc(340)] could not read dos header from C:\Windows\System32\CRYPT32.dll
[0504/212346.512:ERROR:process_memory_win.cc(73)] ReadMemory at 0x7ff971980000 of 64 bytes failed: ReadProcessMemory veya WriteProcessMemory isteðinin sadece bir parçasý tamamlandý. (0x12B)
[0504/212346.512:WARNING:pe_image_reader.cc(340)] could not read dos header from C:\Windows\SYSTEM32\IPHLPAPI.DLL
[0504/212346.512:ERROR:process_memory_win.cc(73)] ReadMemory at 0x7ff96f0c0000 of 64 bytes failed: ReadProcessMemory veya WriteProcessMemory isteðinin sadece bir parçasý tamamlandý. (0x12B)
[0504/212346.512:WARNING:pe_image_reader.cc(340)] could not read dos header from C:\Windows\SYSTEM32\WINMM.dll
[0504/212346.512:ERROR:process_memory_win.cc(73)] ReadMemory at 0x7ff957f40000 of 64 bytes failed: ReadProcessMemory veya WriteProcessMemory isteðinin sadece bir parçasý tamamlandý. (0x12B)
[0504/212346.512:WARNING:pe_image_reader.cc(340)] could not read dos header from C:\Windows\SYSTEM32\Secur32.dll
[0504/212346.512:ERROR:process_memory_win.cc(73)] ReadMemory at 0x7ff972320000 of 64 bytes failed: ReadProcessMemory veya WriteProcessMemory isteðinin sadece bir parçasý tamamlandý. (0x12B)
[0504/212346.512:WARNING:pe_image_reader.cc(340)] could not read dos header from C:\Windows\SYSTEM32\USERENV.dll
[0504/212346.512:ERROR:process_memory_win.cc(73)] ReadMemory at 0x7ff972480000 of 64 bytes failed: ReadProcessMemory veya WriteProcessMemory isteðinin sadece bir parçasý tamamlandý. (0x12B)
[0504/212346.512:WARNING:pe_image_reader.cc(340)] could not read dos header from C:\Windows\System32\profapi.dll
[0504/212346.512:ERROR:process_memory_win.cc(73)] ReadMemory at 0x7ff9445d0000 of 64 bytes failed: ReadProcessMemory veya WriteProcessMemory isteðinin sadece bir parçasý tamamlandý. (0x12B)
[0504/212346.512:WARNING:pe_image_reader.cc(340)] could not read dos header from C:\Windows\SYSTEM32\UIAutomationCore.DLL
[0504/212346.512:ERROR:process_memory_win.cc(73)] ReadMemory at 0x7ff95f060000 of 64 bytes failed: ReadProcessMemory veya WriteProcessMemory isteðinin sadece bir parçasý tamamlandý. (0x12B)
[0504/212346.513:WARNING:pe_image_reader.cc(340)] could not read dos header from C:\Windows\SYSTEM32\DWrite.dll
[0504/212346.513:ERROR:process_memory_win.cc(73)] ReadMemory at 0x7ff96aaf0000 of 64 bytes failed: ReadProcessMemory veya WriteProcessMemory isteðinin sadece bir parçasý tamamlandý. (0x12B)
[0504/212346.513:WARNING:pe_image_reader.cc(340)] could not read dos header from C:\Windows\SYSTEM32\WINSPOOL.DRV
[0504/212346.513:ERROR:process_memory_win.cc(73)] ReadMemory at 0x7ff9724b0000 of 64 bytes failed: ReadProcessMemory veya WriteProcessMemory isteðinin sadece bir parçasý tamamlandý. (0x12B)
[0504/212346.513:WARNING:pe_image_reader.cc(340)] could not read dos header from C:\Windows\System32\kernel.appcore.dll
[0504/212346.513:ERROR:process_memory_win.cc(73)] ReadMemory at 0x7ff972850000 of 64 bytes failed: ReadProcessMemory veya WriteProcessMemory isteðinin sadece bir parçasý tamamlandý. (0x12B)
[0504/212346.513:WARNING:pe_image_reader.cc(340)] could not read dos header from C:\Windows\System32\bcrypt.dll
[0504/212346.513:ERROR:process_memory_win.cc(73)] ReadMemory at 0x7ff95a840000 of 64 bytes failed: ReadProcessMemory veya WriteProcessMemory isteðinin sadece bir parçasý tamamlandý. (0x12B)
[0504/212346.513:WARNING:pe_image_reader.cc(340)] could not read dos header from C:\Windows\SYSTEM32\dbghelp.dll
[0504/212346.513:ERROR:process_memory_win.cc(73)] ReadMemory at 0x7ff966450000 of 64 bytes failed: ReadProcessMemory veya WriteProcessMemory isteðinin sadece bir parçasý tamamlandý. (0x12B)
[0504/212346.513:WARNING:pe_image_reader.cc(340)] could not read dos header from C:\Windows\SYSTEM32\WINHTTP.dll
[0504/212346.513:ERROR:process_memory_win.cc(73)] ReadMemory at 0x7ff966130000 of 64 bytes failed: ReadProcessMemory veya WriteProcessMemory isteðinin sadece bir parçasý tamamlandý. (0x12B)
[0504/212346.513:WARNING:pe_image_reader.cc(340)] could not read dos header from C:\Windows\SYSTEM32\dhcpcsvc.DLL
[0504/212346.513:ERROR:process_memory_win.cc(73)] ReadMemory at 0x7ff9736a0000 of 64 bytes failed: ReadProcessMemory veya WriteProcessMemory isteðinin sadece bir parçasý tamamlandý. (0x12B)
[0504/212346.513:WARNING:pe_image_reader.cc(340)] could not read dos header from C:\Windows\System32\NSI.dll
[0504/212346.514:ERROR:process_memory_win.cc(73)] ReadMemory at 0x7ff96f090000 of 64 bytes failed: ReadProcessMemory veya WriteProcessMemory isteðinin sadece bir parçasý tamamlandý. (0x12B)
[0504/212346.514:WARNING:pe_image_reader.cc(340)] could not read dos header from C:\Windows\SYSTEM32\WINMMBASE.dll
[0504/212346.514:ERROR:process_memory_win.cc(73)] ReadMemory at 0x7ff9724f0000 of 64 bytes failed: ReadProcessMemory veya WriteProcessMemory isteðinin sadece bir parçasý tamamlandý. (0x12B)
[0504/212346.514:WARNING:pe_image_reader.cc(340)] could not read dos header from C:\Windows\System32\cfgmgr32.dll
[0504/212346.514:ERROR:process_memory_win.cc(73)] ReadMemory at 0x7ff96e940000 of 64 bytes failed: ReadProcessMemory veya WriteProcessMemory isteðinin sadece bir parçasý tamamlandý. (0x12B)
[0504/212346.515:WARNING:pe_image_reader.cc(340)] could not read dos header from C:\Windows\SYSTEM32\PROPSYS.dll
[0504/212346.515:ERROR:process_memory_win.cc(73)] ReadMemory at 0x7ff975380000 of 64 bytes failed: ReadProcessMemory veya WriteProcessMemory isteðinin sadece bir parçasý tamamlandý. (0x12B)
[0504/212346.515:WARNING:pe_image_reader.cc(340)] could not read dos header from C:\Windows\System32\shcore.dll
[0504/212346.515:ERROR:process_memory_win.cc(73)] ReadMemory at 0x7ff9722f0000 of 64 bytes failed: ReadProcessMemory veya WriteProcessMemory isteðinin sadece bir parçasý tamamlandý. (0x12B)
[0504/212346.515:WARNING:pe_image_reader.cc(340)] could not read dos header from C:\Windows\SYSTEM32\SSPICLI.DLL
[0504/212346.515:ERROR:process_memory_win.cc(73)] ReadMemory at 0x7ff971e40000 of 64 bytes failed: ReadProcessMemory veya WriteProcessMemory isteðinin sadece bir parçasý tamamlandý. (0x12B)
[0504/212346.515:WARNING:pe_image_reader.cc(340)] could not read dos header from C:\Windows\SYSTEM32\CRYPTBASE.DLL
[0504/212346.522:ERROR:process_memory_win.cc(73)] ReadMemory at 0x7ff62d0b0000 of 64 bytes failed: ReadProcessMemory veya WriteProcessMemory isteðinin sadece bir parçasý tamamlandý. (0x12B)
[0504/212346.522:WARNING:pe_image_reader.cc(340)] could not read dos header from C:\Program Files (x86)\Google\Chrome\Application\chrome.exe
[0504/212346.522:ERROR:process_memory_win.cc(73)] ReadMemory at 0x7ff975540000 of 64 bytes failed: ReadProcessMemory veya WriteProcessMemory isteðinin sadece bir parçasý tamamlandý. (0x12B)
[0504/212346.522:WARNING:pe_image_reader.cc(340)] could not read dos header from C:\Windows\SYSTEM32\ntdll.dll
[0504/212346.522:ERROR:process_memory_win.cc(73)] ReadMemory at 0x7ff9751f0000 of 64 bytes failed: ReadProcessMemory veya WriteProcessMemory isteðinin sadece bir parçasý tamamlandý. (0x12B)
[0504/212346.522:WARNING:pe_image_reader.cc(340)] could not read dos header from C:\Windows\System32\KERNEL32.DLL
[0504/212346.522:ERROR:process_memory_win.cc(73)] ReadMemory at 0x7ff972540000 of 64 bytes failed: ReadProcessMemory veya WriteProcessMemory isteðinin sadece bir parçasý tamamlandý. (0x12B)
[0504/212346.522:WARNING:pe_image_reader.cc(340)] could not read dos header from C:\Windows\System32\KERNELBASE.dll
[0504/212346.522:ERROR:process_memory_win.cc(73)] ReadMemory at 0x7ff916ce0000 of 64 bytes failed: ReadProcessMemory veya WriteProcessMemory isteðinin sadece bir parçasý tamamlandý. (0x12B)
[0504/212346.523:WARNING:pe_image_reader.cc(340)] could not read dos header from C:\Program Files (x86)\Google\Chrome\Application\81.0.4044.129\chrome_elf.dll
[0504/212346.523:ERROR:process_memory_win.cc(73)] ReadMemory at 0x7ff96e5b0000 of 64 bytes failed: ReadProcessMemory veya WriteProcessMemory isteðinin sadece bir parçasý tamamlandý. (0x12B)
[0504/212346.523:WARNING:pe_image_reader.cc(340)] could not read dos header from C:\Windows\SYSTEM32\VERSION.dll
[0504/212346.523:ERROR:process_memory_win.cc(73)] ReadMemory at 0x7ff9752e0000 of 64 bytes failed: ReadProcessMemory veya WriteProcessMemory isteðinin sadece bir parçasý tamamlandý. (0x12B)
[0504/212346.523:WARNING:pe_image_reader.cc(340)] could not read dos header from C:\Windows\System32\msvcrt.dll
[0504/212346.523:ERROR:process_memory_win.cc(73)] ReadMemory at 0x7ff972ad0000 of 64 bytes failed: ReadProcessMemory veya WriteProcessMemory isteðinin sadece bir parçasý tamamlandý. (0x12B)
[0504/212346.523:WARNING:pe_image_reader.cc(340)] could not read dos header from C:\Windows\System32\bcryptPrimitives.dll
[0504/212346.523:ERROR:process_memory_win.cc(73)] ReadMemory at 0x7ff974070000 of 64 bytes failed: ReadProcessMemory veya WriteProcessMemory isteðinin sadece bir parçasý tamamlandý. (0x12B)
[0504/212346.523:WARNING:pe_image_reader.cc(340)] could not read dos header from C:\Windows\System32\ADVAPI32.dll
[0504/212346.523:ERROR:process_memory_win.cc(73)] ReadMemory at 0x7ff973d70000 of 64 bytes failed: ReadProcessMemory veya WriteProcessMemory isteðinin sadece bir parçasý tamamlandý. (0x12B)
[0504/212346.523:WARNING:pe_image_reader.cc(340)] could not read dos header from C:\Windows\System32\sechost.dll
[0504/212346.523:ERROR:process_memory_win.cc(73)] ReadMemory at 0x7ff973f50000 of 64 bytes failed: ReadProcessMemory veya WriteProcessMemory isteðinin sadece bir parçasý tamamlandý. (0x12B)
[0504/212346.523:WARNING:pe_image_reader.cc(340)] could not read dos header from C:\Windows\System32\RPCRT4.dll
[0504/212346.523:ERROR:process_memory_win.cc(73)] ReadMemory at 0x7ff90f040000 of 64 bytes failed: ReadProcessMemory veya WriteProcessMemory isteðinin sadece bir parçasý tamamlandý. (0x12B)
[0504/212346.523:WARNING:pe_image_reader.cc(340)] could not read dos header from C:\Program Files (x86)\Google\Chrome\Application\81.0.4044.129\chrome.dll
[0504/212346.523:ERROR:process_memory_win.cc(73)] ReadMemory at 0x7ff975490000 of 64 bytes failed: ReadProcessMemory veya WriteProcessMemory isteðinin sadece bir parçasý tamamlandý. (0x12B)
[0504/212346.523:WARNING:pe_image_reader.cc(340)] could not read dos header from C:\Windows\System32\WS2_32.dll
[0504/212346.523:ERROR:process_memory_win.cc(73)] ReadMemory at 0x7ff975120000 of 64 bytes failed: ReadProcessMemory veya WriteProcessMemory isteðinin sadece bir parçasý tamamlandý. (0x12B)
[0504/212346.523:WARNING:pe_image_reader.cc(340)] could not read dos header from C:\Windows\System32\OLEAUT32.dll
[0504/212346.523:ERROR:process_memory_win.cc(73)] ReadMemory at 0x7ff973550000 of 64 bytes failed: ReadProcessMemory veya WriteProcessMemory isteðinin sadece bir parçasý tamamlandý. (0x12B)
[0504/212346.523:WARNING:pe_image_reader.cc(340)] could not read dos header from C:\Windows\System32\msvcp_win.dll
[0504/212346.523:ERROR:process_memory_win.cc(73)] ReadMemory at 0x7ff9729d0000 of 64 bytes failed: ReadProcessMemory veya WriteProcessMemory isteðinin sadece bir parçasý tamamlandý. (0x12B)
[0504/212346.523:WARNING:pe_image_reader.cc(340)] could not read dos header from C:\Windows\System32\ucrtbase.dll
[0504/212346.523:ERROR:process_memory_win.cc(73)] ReadMemory at 0x7ff974130000 of 64 bytes failed: ReadProcessMemory veya WriteProcessMemory isteðinin sadece bir parçasý tamamlandý. (0x12B)
[0504/212346.523:WARNING:pe_image_reader.cc(340)] could not read dos header from C:\Windows\System32\combase.dll
[0504/212346.523:ERROR:process_memory_win.cc(73)] ReadMemory at 0x7ff9727f0000 of 64 bytes failed: ReadProcessMemory veya WriteProcessMemory isteðinin sadece bir parçasý tamamlandý. (0x12B)
[0504/212346.523:WARNING:pe_image_reader.cc(340)] could not read dos header from C:\Windows\System32\WINTRUST.dll
[0504/212346.523:ERROR:process_memory_win.cc(73)] ReadMemory at 0x7ff972410000 of 64 bytes failed: ReadProcessMemory veya WriteProcessMemory isteðinin sadece bir parçasý tamamlandý. (0x12B)
[0504/212346.524:WARNING:pe_image_reader.cc(340)] could not read dos header from C:\Windows\System32\MSASN1.dll
[0504/212346.524:ERROR:process_memory_win.cc(73)] ReadMemory at 0x7ff972880000 of 64 bytes failed: ReadProcessMemory veya WriteProcessMemory isteðinin sadece bir parçasý tamamlandý. (0x12B)
[0504/212346.524:WARNING:pe_image_reader.cc(340)] could not read dos header from C:\Windows\System32\CRYPT32.dll
[0504/212346.524:ERROR:process_memory_win.cc(73)] ReadMemory at 0x7ff971980000 of 64 bytes failed: ReadProcessMemory veya WriteProcessMemory isteðinin sadece bir parçasý tamamlandý. (0x12B)
[0504/212346.524:WARNING:pe_image_reader.cc(340)] could not read dos header from C:\Windows\SYSTEM32\IPHLPAPI.DLL
[0504/212346.524:ERROR:process_memory_win.cc(73)] ReadMemory at 0x7ff96f0c0000 of 64 bytes failed: ReadProcessMemory veya WriteProcessMemory isteðinin sadece bir parçasý tamamlandý. (0x12B)
[0504/212346.524:WARNING:pe_image_reader.cc(340)] could not read dos header from C:\Windows\SYSTEM32\WINMM.dll
[0504/212346.524:ERROR:process_memory_win.cc(73)] ReadMemory at 0x7ff957f40000 of 64 bytes failed: ReadProcessMemory veya WriteProcessMemory isteðinin sadece bir parçasý tamamlandý. (0x12B)
[0504/212346.524:WARNING:pe_image_reader.cc(340)] could not read dos header from C:\Windows\SYSTEM32\Secur32.dll
[0504/212346.524:ERROR:process_memory_win.cc(73)] ReadMemory at 0x7ff972320000 of 64 bytes failed: ReadProcessMemory veya WriteProcessMemory isteðinin sadece bir parçasý tamamlandý. (0x12B)
[0504/212346.524:WARNING:pe_image_reader.cc(340)] could not read dos header from C:\Windows\SYSTEM32\USERENV.dll
[0504/212346.524:ERROR:process_memory_win.cc(73)] ReadMemory at 0x7ff972480000 of 64 bytes failed: ReadProcessMemory veya WriteProcessMemory isteðinin sadece bir parçasý tamamlandý. (0x12B)
[0504/212346.524:WARNING:pe_image_reader.cc(340)] could not read dos header from C:\Windows\System32\profapi.dll
[0504/212346.524:ERROR:process_memory_win.cc(73)] ReadMemory at 0x7ff9445d0000 of 64 bytes failed: ReadProcessMemory veya WriteProcessMemory isteðinin sadece bir parçasý tamamlandý. (0x12B)
[0504/212346.524:WARNING:pe_image_reader.cc(340)] could not read dos header from C:\Windows\SYSTEM32\UIAutomationCore.DLL
[0504/212346.524:ERROR:process_memory_win.cc(73)] ReadMemory at 0x7ff95f060000 of 64 bytes failed: ReadProcessMemory veya WriteProcessMemory isteðinin sadece bir parçasý tamamlandý. (0x12B)
[0504/212346.524:WARNING:pe_image_reader.cc(340)] could not read dos header from C:\Windows\SYSTEM32\DWrite.dll
[0504/212346.524:ERROR:process_memory_win.cc(73)] ReadMemory at 0x7ff96aaf0000 of 64 bytes failed: ReadProcessMemory veya WriteProcessMemory isteðinin sadece bir parçasý tamamlandý. (0x12B)
[0504/212346.524:WARNING:pe_image_reader.cc(340)] could not read dos header from C:\Windows\SYSTEM32\WINSPOOL.DRV
[0504/212346.525:ERROR:process_memory_win.cc(73)] ReadMemory at 0x7ff9724b0000 of 64 bytes failed: ReadProcessMemory veya WriteProcessMemory isteðinin sadece bir parçasý tamamlandý. (0x12B)
[0504/212346.525:WARNING:pe_image_reader.cc(340)] could not read dos header from C:\Windows\System32\kernel.appcore.dll
[0504/212346.525:ERROR:process_memory_win.cc(73)] ReadMemory at 0x7ff972850000 of 64 bytes failed: ReadProcessMemory veya WriteProcessMemory isteðinin sadece bir parçasý tamamlandý. (0x12B)
[0504/212346.525:WARNING:pe_image_reader.cc(340)] could not read dos header from C:\Windows\System32\bcrypt.dll
[0504/212346.525:ERROR:process_memory_win.cc(73)] ReadMemory at 0x7ff95a840000 of 64 bytes failed: ReadProcessMemory veya WriteProcessMemory isteðinin sadece bir parçasý tamamlandý. (0x12B)
[0504/212346.525:WARNING:pe_image_reader.cc(340)] could not read dos header from C:\Windows\SYSTEM32\dbghelp.dll
[0504/212346.525:ERROR:process_memory_win.cc(73)] ReadMemory at 0x7ff966450000 of 64 bytes failed: ReadProcessMemory veya WriteProcessMemory isteðinin sadece bir parçasý tamamlandý. (0x12B)
[0504/212346.525:WARNING:pe_image_reader.cc(340)] could not read dos header from C:\Windows\SYSTEM32\WINHTTP.dll
[0504/212346.525:ERROR:process_memory_win.cc(73)] ReadMemory at 0x7ff966130000 of 64 bytes failed: ReadProcessMemory veya WriteProcessMemory isteðinin sadece bir parçasý tamamlandý. (0x12B)
[0504/212346.525:WARNING:pe_image_reader.cc(340)] could not read dos header from C:\Windows\SYSTEM32\dhcpcsvc.DLL
[0504/212346.525:ERROR:process_memory_win.cc(73)] ReadMemory at 0x7ff9736a0000 of 64 bytes failed: ReadProcessMemory veya WriteProcessMemory isteðinin sadece bir parçasý tamamlandý. (0x12B)
[0504/212346.525:WARNING:pe_image_reader.cc(340)] could not read dos header from C:\Windows\System32\NSI.dll
[0504/212346.526:ERROR:process_memory_win.cc(73)] ReadMemory at 0x7ff96f090000 of 64 bytes failed: ReadProcessMemory veya WriteProcessMemory isteðinin sadece bir parçasý tamamlandý. (0x12B)
[0504/212346.526:WARNING:pe_image_reader.cc(340)] could not read dos header from C:\Windows\SYSTEM32\WINMMBASE.dll
[0504/212346.526:ERROR:process_memory_win.cc(73)] ReadMemory at 0x7ff9724f0000 of 64 bytes failed: ReadProcessMemory veya WriteProcessMemory isteðinin sadece bir parçasý tamamlandý. (0x12B)
[0504/212346.526:WARNING:pe_image_reader.cc(340)] could not read dos header from C:\Windows\System32\cfgmgr32.dll
[0504/212346.526:ERROR:process_memory_win.cc(73)] ReadMemory at 0x7ff96e940000 of 64 bytes failed: ReadProcessMemory veya WriteProcessMemory isteðinin sadece bir parçasý tamamlandý. (0x12B)
[0504/212346.526:WARNING:pe_image_reader.cc(340)] could not read dos header from C:\Windows\SYSTEM32\PROPSYS.dll
[0504/212346.526:ERROR:process_memory_win.cc(73)] ReadMemory at 0x7ff975380000 of 64 bytes failed: ReadProcessMemory veya WriteProcessMemory isteðinin sadece bir parçasý tamamlandý. (0x12B)
[0504/212346.526:WARNING:pe_image_reader.cc(340)] could not read dos header from C:\Windows\System32\shcore.dll
[0504/212346.526:ERROR:process_memory_win.cc(73)] ReadMemory at 0x7ff9722f0000 of 64 bytes failed: ReadProcessMemory veya WriteProcessMemory isteðinin sadece bir parçasý tamamlandý. (0x12B)
[0504/212346.526:WARNING:pe_image_reader.cc(340)] could not read dos header from C:\Windows\SYSTEM32\SSPICLI.DLL
[0504/212346.526:ERROR:process_memory_win.cc(73)] ReadMemory at 0x7ff971e40000 of 64 bytes failed: ReadProcessMemory veya WriteProcessMemory isteðinin sadece bir parçasý tamamlandý. (0x12B)
[0504/212346.526:WARNING:pe_image_reader.cc(340)] could not read dos header from C:\Windows\SYSTEM32\CRYPTBASE.DLL
[0504/212346.526:ERROR:process_memory_win.cc(73)] ReadMemory at 0x7ff62d0b0000 of 64 bytes failed: ReadProcessMemory veya WriteProcessMemory isteðinin sadece bir parçasý tamamlandý. (0x12B)
[0504/212346.526:WARNING:pe_image_reader.cc(340)] could not read dos header from C:\Program Files (x86)\Google\Chrome\Application\chrome.exe
[0504/212346.527:ERROR:process_memory_win.cc(73)] ReadMemory at 0x7ff975540000 of 64 bytes failed: ReadProcessMemory veya WriteProcessMemory isteðinin sadece bir parçasý tamamlandý. (0x12B)
[0504/212346.527:WARNING:pe_image_reader.cc(340)] could not read dos header from C:\Windows\SYSTEM32\ntdll.dll
[0504/212346.527:ERROR:process_memory_win.cc(73)] ReadMemory at 0x7ff9751f0000 of 64 bytes failed: ReadProcessMemory veya WriteProcessMemory isteðinin sadece bir parçasý tamamlandý. (0x12B)
[0504/212346.527:WARNING:pe_image_reader.cc(340)] could not read dos header from C:\Windows\System32\KERNEL32.DLL
[0504/212346.527:ERROR:process_memory_win.cc(73)] ReadMemory at 0x7ff972540000 of 64 bytes failed: ReadProcessMemory veya WriteProcessMemory isteðinin sadece bir parçasý tamamlandý. (0x12B)
[0504/212346.527:WARNING:pe_image_reader.cc(340)] could not read dos header from C:\Windows\System32\KERNELBASE.dll
[0504/212346.527:ERROR:process_memory_win.cc(73)] ReadMemory at 0x7ff916ce0000 of 64 bytes failed: ReadProcessMemory veya WriteProcessMemory isteðinin sadece bir parçasý tamamlandý. (0x12B)
[0504/212346.527:WARNING:pe_image_reader.cc(340)] could not read dos header from C:\Program Files (x86)\Google\Chrome\Application\81.0.4044.129\chrome_elf.dll
[0504/212346.527:ERROR:process_memory_win.cc(73)] ReadMemory at 0x7ff96e5b0000 of 64 bytes failed: ReadProcessMemory veya WriteProcessMemory isteðinin sadece bir parçasý tamamlandý. (0x12B)
[0504/212346.527:WARNING:pe_image_reader.cc(340)] could not read dos header from C:\Windows\SYSTEM32\VERSION.dll
[0504/212346.527:ERROR:process_memory_win.cc(73)] ReadMemory at 0x7ff9752e0000 of 64 bytes failed: ReadProcessMemory veya WriteProcessMemory isteðinin sadece bir parçasý tamamlandý. (0x12B)
[0504/212346.527:WARNING:pe_image_reader.cc(340)] could not read dos header from C:\Windows\System32\msvcrt.dll
[0504/212346.527:ERROR:process_memory_win.cc(73)] ReadMemory at 0x7ff972ad0000 of 64 bytes failed: ReadProcessMemory veya WriteProcessMemory isteðinin sadece bir parçasý tamamlandý. (0x12B)
[0504/212346.527:WARNING:pe_image_reader.cc(340)] could not read dos header from C:\Windows\System32\bcryptPrimitives.dll
[0504/212346.527:ERROR:process_memory_win.cc(73)] ReadMemory at 0x7ff974070000 of 64 bytes failed: ReadProcessMemory veya WriteProcessMemory isteðinin sadece bir parçasý tamamlandý. (0x12B)
[0504/212346.527:WARNING:pe_image_reader.cc(340)] could not read dos header from C:\Windows\System32\ADVAPI32.dll
[0504/212346.527:ERROR:process_memory_win.cc(73)] ReadMemory at 0x7ff973d70000 of 64 bytes failed: ReadProcessMemory veya WriteProcessMemory isteðinin sadece bir parçasý tamamlandý. (0x12B)
[0504/212346.527:WARNING:pe_image_reader.cc(340)] could not read dos header from C:\Windows\System32\sechost.dll
[0504/212346.527:ERROR:process_memory_win.cc(73)] ReadMemory at 0x7ff973f50000 of 64 bytes failed: ReadProcessMemory veya WriteProcessMemory isteðinin sadece bir parçasý tamamlandý. (0x12B)
[0504/212346.527:WARNING:pe_image_reader.cc(340)] could not read dos header from C:\Windows\System32\RPCRT4.dll
[0504/212346.527:ERROR:process_memory_win.cc(73)] ReadMemory at 0x7ff90f040000 of 64 bytes failed: ReadProcessMemory veya WriteProcessMemory isteðinin sadece bir parçasý tamamlandý. (0x12B)
[0504/212346.527:WARNING:pe_image_reader.cc(340)] could not read dos header from C:\Program Files (x86)\Google\Chrome\Application\81.0.4044.129\chrome.dll
[0504/212346.527:ERROR:process_memory_win.cc(73)] ReadMemory at 0x7ff975490000 of 64 bytes failed: ReadProcessMemory veya WriteProcessMemory isteðinin sadece bir parçasý tamamlandý. (0x12B)
[0504/212346.527:WARNING:pe_image_reader.cc(340)] could not read dos header from C:\Windows\System32\WS2_32.dll
[0504/212346.527:ERROR:process_memory_win.cc(73)] ReadMemory at 0x7ff975120000 of 64 bytes failed: ReadProcessMemory veya WriteProcessMemory isteðinin sadece bir parçasý tamamlandý. (0x12B)
[0504/212346.527:WARNING:pe_image_reader.cc(340)] could not read dos header from C:\Windows\System32\OLEAUT32.dll
[0504/212346.528:ERROR:process_memory_win.cc(73)] ReadMemory at 0x7ff973550000 of 64 bytes failed: ReadProcessMemory veya WriteProcessMemory isteðinin sadece bir parçasý tamamlandý. (0x12B)
[0504/212346.528:WARNING:pe_image_reader.cc(340)] could not read dos header from C:\Windows\System32\msvcp_win.dll
[0504/212346.528:ERROR:process_memory_win.cc(73)] ReadMemory at 0x7ff9729d0000 of 64 bytes failed: ReadProcessMemory veya WriteProcessMemory isteðinin sadece bir parçasý tamamlandý. (0x12B)
[0504/212346.528:WARNING:pe_image_reader.cc(340)] could not read dos header from C:\Windows\System32\ucrtbase.dll
[0504/212346.528:ERROR:process_memory_win.cc(73)] ReadMemory at 0x7ff974130000 of 64 bytes failed: ReadProcessMemory veya WriteProcessMemory isteðinin sadece bir parçasý tamamlandý. (0x12B)
[0504/212346.528:WARNING:pe_image_reader.cc(340)] could not read dos header from C:\Windows\System32\combase.dll
[0504/212346.528:ERROR:process_memory_win.cc(73)] ReadMemory at 0x7ff9727f0000 of 64 bytes failed: ReadProcessMemory veya WriteProcessMemory isteðinin sadece bir parçasý tamamlandý. (0x12B)
[0504/212346.528:WARNING:pe_image_reader.cc(340)] could not read dos header from C:\Windows\System32\WINTRUST.dll
[0504/212346.528:ERROR:process_memory_win.cc(73)] ReadMemory at 0x7ff972410000 of 64 bytes failed: ReadProcessMemory veya WriteProcessMemory isteðinin sadece bir parçasý tamamlandý. (0x12B)
[0504/212346.528:WARNING:pe_image_reader.cc(340)] could not read dos header from C:\Windows\System32\MSASN1.dll
[0504/212346.528:ERROR:process_memory_win.cc(73)] ReadMemory at 0x7ff972880000 of 64 bytes failed: ReadProcessMemory veya WriteProcessMemory isteðinin sadece bir parçasý tamamlandý. (0x12B)
[0504/212346.528:WARNING:pe_image_reader.cc(340)] could not read dos header from C:\Windows\System32\CRYPT32.dll
[0504/212346.528:ERROR:process_memory_win.cc(73)] ReadMemory at 0x7ff971980000 of 64 bytes failed: ReadProcessMemory veya WriteProcessMemory isteðinin sadece bir parçasý tamamlandý. (0x12B)
[0504/212346.528:WARNING:pe_image_reader.cc(340)] could not read dos header from C:\Windows\SYSTEM32\IPHLPAPI.DLL
[0504/212346.528:ERROR:process_memory_win.cc(73)] ReadMemory at 0x7ff96f0c0000 of 64 bytes failed: ReadProcessMemory veya WriteProcessMemory isteðinin sadece bir parçasý tamamlandý. (0x12B)
[0504/212346.528:WARNING:pe_image_reader.cc(340)] could not read dos header from C:\Windows\SYSTEM32\WINMM.dll
[0504/212346.528:ERROR:process_memory_win.cc(73)] ReadMemory at 0x7ff957f40000 of 64 bytes failed: ReadProcessMemory veya WriteProcessMemory isteðinin sadece bir parçasý tamamlandý. (0x12B)
[0504/212346.528:WARNING:pe_image_reader.cc(340)] could not read dos header from C:\Windows\SYSTEM32\Secur32.dll
[0504/212346.528:ERROR:process_memory_win.cc(73)] ReadMemory at 0x7ff972320000 of 64 bytes failed: ReadProcessMemory veya WriteProcessMemory isteðinin sadece bir parçasý tamamlandý. (0x12B)
[0504/212346.528:WARNING:pe_image_reader.cc(340)] could not read dos header from C:\Windows\SYSTEM32\USERENV.dll
[0504/212346.528:ERROR:process_memory_win.cc(73)] ReadMemory at 0x7ff972480000 of 64 bytes failed: ReadProcessMemory veya WriteProcessMemory isteðinin sadece bir parçasý tamamlandý. (0x12B)
[0504/212346.528:WARNING:pe_image_reader.cc(340)] could not read dos header from C:\Windows\System32\profapi.dll
[0504/212346.528:ERROR:process_memory_win.cc(73)] ReadMemory at 0x7ff9445d0000 of 64 bytes failed: ReadProcessMemory veya WriteProcessMemory isteðinin sadece bir parçasý tamamlandý. (0x12B)
[0504/212346.528:WARNING:pe_image_reader.cc(340)] could not read dos header from C:\Windows\SYSTEM32\UIAutomationCore.DLL
[0504/212346.528:ERROR:process_memory_win.cc(73)] ReadMemory at 0x7ff95f060000 of 64 bytes failed: ReadProcessMemory veya WriteProcessMemory isteðinin sadece bir parçasý tamamlandý. (0x12B)
[0504/212346.529:WARNING:pe_image_reader.cc(340)] could not read dos header from C:\Windows\SYSTEM32\DWrite.dll
[0504/212346.529:ERROR:process_memory_win.cc(73)] ReadMemory at 0x7ff96aaf0000 of 64 bytes failed: ReadProcessMemory veya WriteProcessMemory isteðinin sadece bir parçasý tamamlandý. (0x12B)
[0504/212346.529:WARNING:pe_image_reader.cc(340)] could not read dos header from C:\Windows\SYSTEM32\WINSPOOL.DRV
[0504/212346.529:ERROR:process_memory_win.cc(73)] ReadMemory at 0x7ff9724b0000 of 64 bytes failed: ReadProcessMemory veya WriteProcessMemory isteðinin sadece bir parçasý tamamlandý. (0x12B)
[0504/212346.529:WARNING:pe_image_reader.cc(340)] could not read dos header from C:\Windows\System32\kernel.appcore.dll
[0504/212346.529:ERROR:process_memory_win.cc(73)] ReadMemory at 0x7ff972850000 of 64 bytes failed: ReadProcessMemory veya WriteProcessMemory isteðinin sadece bir parçasý tamamlandý. (0x12B)
[0504/212346.529:WARNING:pe_image_reader.cc(340)] could not read dos header from C:\Windows\System32\bcrypt.dll
[0504/212346.529:ERROR:process_memory_win.cc(73)] ReadMemory at 0x7ff95a840000 of 64 bytes failed: ReadProcessMemory veya WriteProcessMemory isteðinin sadece bir parçasý tamamlandý. (0x12B)
[0504/212346.529:WARNING:pe_image_reader.cc(340)] could not read dos header from C:\Windows\SYSTEM32\dbghelp.dll
[0504/212346.529:ERROR:process_memory_win.cc(73)] ReadMemory at 0x7ff966450000 of 64 bytes failed: ReadProcessMemory veya WriteProcessMemory isteðinin sadece bir parçasý tamamlandý. (0x12B)
[0504/212346.529:WARNING:pe_image_reader.cc(340)] could not read dos header from C:\Windows\SYSTEM32\WINHTTP.dll
[0504/212346.529:ERROR:process_memory_win.cc(73)] ReadMemory at 0x7ff966130000 of 64 bytes failed: ReadProcessMemory veya WriteProcessMemory isteðinin sadece bir parçasý tamamlandý. (0x12B)
[0504/212346.529:WARNING:pe_image_reader.cc(340)] could not read dos header from C:\Windows\SYSTEM32\dhcpcsvc.DLL
[0504/212346.529:ERROR:process_memory_win.cc(73)] ReadMemory at 0x7ff9736a0000 of 64 bytes failed: ReadProcessMemory veya WriteProcessMemory isteðinin sadece bir parçasý tamamlandý. (0x12B)
[0504/212346.529:WARNING:pe_image_reader.cc(340)] could not read dos header from C:\Windows\System32\NSI.dll
[0504/212346.529:ERROR:process_memory_win.cc(73)] ReadMemory at 0x7ff96f090000 of 64 bytes failed: ReadProcessMemory veya WriteProcessMemory isteðinin sadece bir parçasý tamamlandý. (0x12B)
[0504/212346.529:WARNING:pe_image_reader.cc(340)] could not read dos header from C:\Windows\SYSTEM32\WINMMBASE.dll
[0504/212346.529:ERROR:process_memory_win.cc(73)] ReadMemory at 0x7ff9724f0000 of 64 bytes failed: ReadProcessMemory veya WriteProcessMemory isteðinin sadece bir parçasý tamamlandý. (0x12B)
[0504/212346.529:WARNING:pe_image_reader.cc(340)] could not read dos header from C:\Windows\System32\cfgmgr32.dll
[0504/212346.529:ERROR:process_memory_win.cc(73)] ReadMemory at 0x7ff96e940000 of 64 bytes failed: ReadProcessMemory veya WriteProcessMemory isteðinin sadece bir parçasý tamamlandý. (0x12B)
[0504/212346.529:WARNING:pe_image_reader.cc(340)] could not read dos header from C:\Windows\SYSTEM32\PROPSYS.dll
[0504/212346.529:ERROR:process_memory_win.cc(73)] ReadMemory at 0x7ff975380000 of 64 bytes failed: ReadProcessMemory veya WriteProcessMemory isteðinin sadece bir parçasý tamamlandý. (0x12B)
[0504/212346.529:WARNING:pe_image_reader.cc(340)] could not read dos header from C:\Windows\System32\shcore.dll
[0504/212346.529:ERROR:process_memory_win.cc(73)] ReadMemory at 0x7ff9722f0000 of 64 bytes failed: ReadProcessMemory veya WriteProcessMemory isteðinin sadece bir parçasý tamamlandý. (0x12B)
[0504/212346.529:WARNING:pe_image_reader.cc(340)] could not read dos header from C:\Windows\SYSTEM32\SSPICLI.DLL
[0504/212346.529:ERROR:process_memory_win.cc(73)] ReadMemory at 0x7ff971e40000 of 64 bytes failed: ReadProcessMemory veya WriteProcessMemory isteðinin sadece bir parçasý tamamlandý. (0x12B)
[0504/212346.529:WARNING:pe_image_reader.cc(340)] could not read dos header from C:\Windows\SYSTEM32\CRYPTBASE.DLL
[0504/212346.540:ERROR:process_memory_win.cc(73)] ReadMemory at 0x8be91f7000 of 36864 bytes failed: ReadProcessMemory veya WriteProcessMemory isteðinin sadece bir parçasý tamamlandý. (0x12B)
[0504/212346.541:ERROR:process_memory_win.cc(73)] ReadMemory at 0x8be99fd000 of 12288 bytes failed: ReadProcessMemory veya WriteProcessMemory isteðinin sadece bir parçasý tamamlandý. (0x12B)
[0504/212346.541:ERROR:process_memory_win.cc(73)] ReadMemory at 0x8bea1fb000 of 20480 bytes failed: ReadProcessMemory veya WriteProcessMemory isteðinin sadece bir parçasý tamamlandý. (0x12B)
[0504/212346.541:ERROR:process_memory_win.cc(73)] ReadMemory at 0x8bea9fd000 of 12288 bytes failed: ReadProcessMemory veya WriteProcessMemory isteðinin sadece bir parçasý tamamlandý. (0x12B)
[0504/212346.541:ERROR:process_memory_win.cc(73)] ReadMemory at 0x8beb1fb000 of 20480 bytes failed: ReadProcessMemory veya WriteProcessMemory isteðinin sadece bir parçasý tamamlandý. (0x12B)
[0504/212346.541:ERROR:process_memory_win.cc(73)] ReadMemory at 0x8beb9ff000 of 4096 bytes failed: ReadProcessMemory veya WriteProcessMemory isteðinin sadece bir parçasý tamamlandý. (0x12B)
[0504/212346.541:ERROR:process_memory_win.cc(73)] ReadMemory at 0x8bec1fd000 of 12288 bytes failed: ReadProcessMemory veya WriteProcessMemory isteðinin sadece bir parçasý tamamlandý. (0x12B)
[0504/212346.541:ERROR:process_memory_win.cc(73)] ReadMemory at 0x8bec9fb000 of 20480 bytes failed: ReadProcessMemory veya WriteProcessMemory isteðinin sadece bir parçasý tamamlandý. (0x12B)
[0504/212346.541:ERROR:process_memory_win.cc(73)] ReadMemory at 0x8bed1fd000 of 12288 bytes failed: ReadProcessMemory veya WriteProcessMemory isteðinin sadece bir parçasý tamamlandý. (0x12B)
[0504/212346.541:ERROR:process_memory_win.cc(73)] ReadMemory at 0x8bed9fd000 of 12288 bytes failed: ReadProcessMemory veya WriteProcessMemory isteðinin sadece bir parçasý tamamlandý. (0x12B)
[0504/212346.542:ERROR:process_memory_win.cc(73)] ReadMemory at 0x8bee1fd000 of 12288 bytes failed: ReadProcessMemory veya WriteProcessMemory isteðinin sadece bir parçasý tamamlandý. (0x12B)
[0504/212346.542:ERROR:process_memory_win.cc(73)] ReadMemory at 0x8bee9fd000 of 12288 bytes failed: ReadProcessMemory veya WriteProcessMemory isteðinin sadece bir parçasý tamamlandý. (0x12B)
[0504/212346.542:ERROR:process_memory_win.cc(73)] ReadMemory at 0x8bef1fd000 of 12288 bytes failed: ReadProcessMemory veya WriteProcessMemory isteðinin sadece bir parçasý tamamlandý. (0x12B)
[0504/212346.542:ERROR:process_memory_win.cc(73)] ReadMemory at 0x8bef9fd000 of 12288 bytes failed: ReadProcessMemory veya WriteProcessMemory isteðinin sadece bir parçasý tamamlandý. (0x12B)
[0504/212346.542:ERROR:process_memory_win.cc(73)] ReadMemory at 0x8bf01fd000 of 12288 bytes failed: ReadProcessMemory veya WriteProcessMemory isteðinin sadece bir parçasý tamamlandý. (0x12B)
[0504/212346.542:ERROR:process_memory_win.cc(73)] ReadMemory at 0x8bf09fd000 of 12288 bytes failed: ReadProcessMemory veya WriteProcessMemory isteðinin sadece bir parçasý tamamlandý. (0x12B)
[0504/212346.542:ERROR:process_memory_win.cc(73)] ReadMemory at 0x8be8992000 of 852 bytes failed: ReadProcessMemory veya WriteProcessMemory isteðinin sadece bir parçasý tamamlandý. (0x12B)
[0504/212346.542:ERROR:process_memory_win.cc(73)] ReadMemory at 0x8be8993000 of 6024 bytes failed: ReadProcessMemory veya WriteProcessMemory isteðinin sadece bir parçasý tamamlandý. (0x12B)
[0504/212346.542:ERROR:process_memory_win.cc(73)] ReadMemory at 0x8be8995000 of 6024 bytes failed: ReadProcessMemory veya WriteProcessMemory isteðinin sadece bir parçasý tamamlandý. (0x12B)
[0504/212346.542:ERROR:process_memory_win.cc(73)] ReadMemory at 0x8be8997000 of 6024 bytes failed: ReadProcessMemory veya WriteProcessMemory isteðinin sadece bir parçasý tamamlandý. (0x12B)
[0504/212346.542:ERROR:process_memory_win.cc(73)] ReadMemory at 0x8be8999000 of 6024 bytes failed: ReadProcessMemory veya WriteProcessMemory isteðinin sadece bir parçasý tamamlandý. (0x12B)
[0504/212346.543:ERROR:process_memory_win.cc(73)] ReadMemory at 0x8be899b000 of 6024 bytes failed: ReadProcessMemory veya WriteProcessMemory isteðinin sadece bir parçasý tamamlandý. (0x12B)
[0504/212346.543:ERROR:process_memory_win.cc(73)] ReadMemory at 0x8be899d000 of 6024 bytes failed: ReadProcessMemory veya WriteProcessMemory isteðinin sadece bir parçasý tamamlandý. (0x12B)
[0504/212346.543:ERROR:process_memory_win.cc(73)] ReadMemory at 0x8be899f000 of 6024 bytes failed: ReadProcessMemory veya WriteProcessMemory isteðinin sadece bir parçasý tamamlandý. (0x12B)
[0504/212346.543:ERROR:process_memory_win.cc(73)] ReadMemory at 0x8be89a1000 of 6024 bytes failed: ReadProcessMemory veya WriteProcessMemory isteðinin sadece bir parçasý tamamlandý. (0x12B)
[0504/212346.543:ERROR:process_memory_win.cc(73)] ReadMemory at 0x8be89a3000 of 6024 bytes failed: ReadProcessMemory veya WriteProcessMemory isteðinin sadece bir parçasý tamamlandý. (0x12B)
[0504/212346.543:ERROR:process_memory_win.cc(73)] ReadMemory at 0x8be89a5000 of 6024 bytes failed: ReadProcessMemory veya WriteProcessMemory isteðinin sadece bir parçasý tamamlandý. (0x12B)
[0504/212346.543:ERROR:process_memory_win.cc(73)] ReadMemory at 0x8be89a7000 of 6024 bytes failed: ReadProcessMemory veya WriteProcessMemory isteðinin sadece bir parçasý tamamlandý. (0x12B)
[0504/212346.543:ERROR:process_memory_win.cc(73)] ReadMemory at 0x8be89a9000 of 6024 bytes failed: ReadProcessMemory veya WriteProcessMemory isteðinin sadece bir parçasý tamamlandý. (0x12B)
[0504/212346.543:ERROR:process_memory_win.cc(73)] ReadMemory at 0x8be89ab000 of 6024 bytes failed: ReadProcessMemory veya WriteProcessMemory isteðinin sadece bir parçasý tamamlandý. (0x12B)
[0504/212346.544:ERROR:process_memory_win.cc(73)] ReadMemory at 0x8be89ad000 of 6024 bytes failed: ReadProcessMemory veya WriteProcessMemory isteðinin sadece bir parçasý tamamlandý. (0x12B)
[0504/212346.544:ERROR:process_memory_win.cc(73)] ReadMemory at 0x8be89af000 of 6024 bytes failed: ReadProcessMemory veya WriteProcessMemory isteðinin sadece bir parçasý tamamlandý. (0x12B)
[0504/212346.544:ERROR:process_memory_win.cc(73)] ReadMemory at 0x8be89b1000 of 6024 bytes failed: ReadProcessMemory veya WriteProcessMemory isteðinin sadece bir parçasý tamamlandý. (0x12B)
[0504/212346.544:ERROR:process_memory_win.cc(73)] ReadMemory at 0x20b95a80fe0 of 19992 bytes failed: ReadProcessMemory veya WriteProcessMemory isteðinin sadece bir parçasý tamamlandý. (0x12B)
[0504/212346.544:ERROR:process_memory_win.cc(73)] ReadMemory at 0x20b95a85e00 of 1012 bytes failed: ReadProcessMemory veya WriteProcessMemory isteðinin sadece bir parçasý tamamlandý. (0x12B)
[0504/212346.544:ERROR:process_memory_win.cc(73)] ReadMemory at 0x20b95a86448 of 118 bytes failed: ReadProcessMemory veya WriteProcessMemory isteðinin sadece bir parçasý tamamlandý. (0x12B)
[0504/212346.544:ERROR:process_memory_win.cc(73)] ReadMemory at 0x20b95a864c0 of 830 bytes failed: ReadProcessMemory veya WriteProcessMemory isteðinin sadece bir parçasý tamamlandý. (0x12B)
[0504/212346.544:ERROR:process_memory_win.cc(73)] ReadMemory at 0x20b95a86800 of 118 bytes failed: ReadProcessMemory veya WriteProcessMemory isteðinin sadece bir parçasý tamamlandý. (0x12B)
[0504/212346.545:ERROR:process_memory_win.cc(73)] ReadMemory at 0x20b95a86878 of 96 bytes failed: ReadProcessMemory veya WriteProcessMemory isteðinin sadece bir parçasý tamamlandý. (0x12B)
[0504/212346.545:ERROR:process_memory_win.cc(73)] ReadMemory at 0x20b95a868f0 of 58 bytes failed: ReadProcessMemory veya WriteProcessMemory isteðinin sadece bir parçasý tamamlandý. (0x12B)
[0504/212346.545:ERROR:process_memory_win.cc(73)] ReadMemory at 0x20b95a869f0 of 132 bytes failed: ReadProcessMemory veya WriteProcessMemory isteðinin sadece bir parçasý tamamlandý. (0x12B)
[0504/212346.545:ERROR:process_memory_win.cc(73)] ReadMemory at 0x20b95a86b80 of 132 bytes failed: ReadProcessMemory veya WriteProcessMemory isteðinin sadece bir parçasý tamamlandý. (0x12B)
[0504/212346.545:ERROR:process_memory_win.cc(73)] ReadMemory at 0x20b95a86d40 of 126 bytes failed: ReadProcessMemory veya WriteProcessMemory isteðinin sadece bir parçasý tamamlandý. (0x12B)
[0504/212346.545:ERROR:process_memory_win.cc(73)] ReadMemory at 0x20b95a87120 of 132 bytes failed: ReadProcessMemory veya WriteProcessMemory isteðinin sadece bir parçasý tamamlandý. (0x12B)
[0504/212346.545:ERROR:process_memory_win.cc(73)] ReadMemory at 0x20b95a872b0 of 64 bytes failed: ReadProcessMemory veya WriteProcessMemory isteðinin sadece bir parçasý tamamlandý. (0x12B)
[0504/212346.545:ERROR:process_memory_win.cc(73)] ReadMemory at 0x20b95a87300 of 132 bytes failed: ReadProcessMemory veya WriteProcessMemory isteðinin sadece bir parçasý tamamlandý. (0x12B)
[0504/212346.545:ERROR:process_memory_win.cc(73)] ReadMemory at 0x20b95a87470 of 132 bytes failed: ReadProcessMemory veya WriteProcessMemory isteðinin sadece bir parçasý tamamlandý. (0x12B)
[0504/212346.545:ERROR:process_memory_win.cc(73)] ReadMemory at 0x20b95a87710 of 132 bytes failed: ReadProcessMemory veya WriteProcessMemory isteðinin sadece bir parçasý tamamlandý. (0x12B)
[0504/212346.546:ERROR:process_memory_win.cc(73)] ReadMemory at 0x20b95a878a0 of 68 bytes failed: ReadProcessMemory veya WriteProcessMemory isteðinin sadece bir parçasý tamamlandý. (0x12B)
[0504/212346.546:ERROR:process_memory_win.cc(73)] ReadMemory at 0x20b95a88990 of 132 bytes failed: ReadProcessMemory veya WriteProcessMemory isteðinin sadece bir parçasý tamamlandý. (0x12B)
[0504/212346.546:ERROR:process_memory_win.cc(73)] ReadMemory at 0x20b95a88b20 of 154 bytes failed: ReadProcessMemory veya WriteProcessMemory isteðinin sadece bir parçasý tamamlandý. (0x12B)
[0504/212346.546:ERROR:process_memory_win.cc(73)] ReadMemory at 0x20b95a89990 of 60 bytes failed: ReadProcessMemory veya WriteProcessMemory isteðinin sadece bir parçasý tamamlandý. (0x12B)
[0504/212346.546:ERROR:process_memory_win.cc(73)] ReadMemory at 0x20b95a8ad60 of 62 bytes failed: ReadProcessMemory veya WriteProcessMemory isteðinin sadece bir parçasý tamamlandý. (0x12B)
[0504/212346.546:ERROR:process_memory_win.cc(73)] ReadMemory at 0x20b95a8ae90 of 132 bytes failed: ReadProcessMemory veya WriteProcessMemory isteðinin sadece bir parçasý tamamlandý. (0x12B)
[0504/212346.546:ERROR:process_memory_win.cc(73)] ReadMemory at 0x20b95a8b900 of 132 bytes failed: ReadProcessMemory veya WriteProcessMemory isteðinin sadece bir parçasý tamamlandý. (0x12B)
[0504/212346.546:ERROR:process_memory_win.cc(73)] ReadMemory at 0x20b95a8ba30 of 146 bytes failed: ReadProcessMemory veya WriteProcessMemory isteðinin sadece bir parçasý tamamlandý. (0x12B)
[0504/212346.546:ERROR:process_memory_win.cc(73)] ReadMemory at 0x20b95a8e1e0 of 132 bytes failed: ReadProcessMemory veya WriteProcessMemory isteðinin sadece bir parçasý tamamlandý. (0x12B)
[0504/212346.546:ERROR:process_memory_win.cc(73)] ReadMemory at 0x20b95a8e310 of 132 bytes failed: ReadProcessMemory veya WriteProcessMemory isteðinin sadece bir parçasý tamamlandý. (0x12B)
[0504/212346.546:ERROR:process_memory_win.cc(73)] ReadMemory at 0x20b95a8e5d0 of 64 bytes failed: ReadProcessMemory veya WriteProcessMemory isteðinin sadece bir parçasý tamamlandý. (0x12B)
[0504/212346.546:ERROR:process_memory_win.cc(73)] ReadMemory at 0x20b95a8e670 of 62 bytes failed: ReadProcessMemory veya WriteProcessMemory isteðinin sadece bir parçasý tamamlandý. (0x12B)
[0504/212346.546:ERROR:process_memory_win.cc(73)] ReadMemory at 0x20b95a8e710 of 60 bytes failed: ReadProcessMemory veya WriteProcessMemory isteðinin sadece bir parçasý tamamlandý. (0x12B)
[0504/212346.547:ERROR:process_memory_win.cc(73)] ReadMemory at 0x20b95a8e760 of 60 bytes failed: ReadProcessMemory veya WriteProcessMemory isteðinin sadece bir parçasý tamamlandý. (0x12B)
[0504/212346.547:ERROR:process_memory_win.cc(73)] ReadMemory at 0x20b95a8e7b0 of 64 bytes failed: ReadProcessMemory veya WriteProcessMemory isteðinin sadece bir parçasý tamamlandý. (0x12B)
[0504/212346.547:ERROR:process_memory_win.cc(73)] ReadMemory at 0x20b95a8eb70 of 64 bytes failed: ReadProcessMemory veya WriteProcessMemory isteðinin sadece bir parçasý tamamlandý. (0x12B)
[0504/212346.548:ERROR:process_memory_win.cc(73)] ReadMemory at 0x20b95a8ebc0 of 64 bytes failed: ReadProcessMemory veya WriteProcessMemory isteðinin sadece bir parçasý tamamlandý. (0x12B)
[0504/212346.548:ERROR:process_memory_win.cc(73)] ReadMemory at 0x20b95a8ec10 of 62 bytes failed: ReadProcessMemory veya WriteProcessMemory isteðinin sadece bir parçasý tamamlandý. (0x12B)
[0504/212346.549:ERROR:process_memory_win.cc(73)] ReadMemory at 0x20b95a8ed00 of 66 bytes failed: ReadProcessMemory veya WriteProcessMemory isteðinin sadece bir parçasý tamamlandý. (0x12B)
[0504/212346.549:ERROR:process_memory_win.cc(73)] ReadMemory at 0x20b95a8f190 of 132 bytes failed: ReadProcessMemory veya WriteProcessMemory isteðinin sadece bir parçasý tamamlandý. (0x12B)
[0504/212346.549:ERROR:process_memory_win.cc(73)] ReadMemory at 0x20b95a8f3c0 of 132 bytes failed: ReadProcessMemory veya WriteProcessMemory isteðinin sadece bir parçasý tamamlandý. (0x12B)
[0504/212346.549:ERROR:process_memory_win.cc(73)] ReadMemory at 0x20b95a8f550 of 80 bytes failed: ReadProcessMemory veya WriteProcessMemory isteðinin sadece bir parçasý tamamlandý. (0x12B)
[0504/212346.550:ERROR:process_memory_win.cc(73)] ReadMemory at 0x20b95a8f6a0 of 132 bytes failed: ReadProcessMemory veya WriteProcessMemory isteðinin sadece bir parçasý tamamlandý. (0x12B)
[0504/212346.550:ERROR:process_memory_win.cc(73)] ReadMemory at 0x20b95a8f7d0 of 132 bytes failed: ReadProcessMemory veya WriteProcessMemory isteðinin sadece bir parçasý tamamlandý. (0x12B)
[0504/212346.550:ERROR:process_memory_win.cc(73)] ReadMemory at 0x20b95a8f900 of 132 bytes failed: ReadProcessMemory veya WriteProcessMemory isteðinin sadece bir parçasý tamamlandý. (0x12B)
[0504/212346.550:ERROR:process_memory_win.cc(73)] ReadMemory at 0x20b95a8fa30 of 132 bytes failed: ReadProcessMemory veya WriteProcessMemory isteðinin sadece bir parçasý tamamlandý. (0x12B)
[0504/212346.550:ERROR:process_memory_win.cc(73)] ReadMemory at 0x20b95a8fb60 of 132 bytes failed: ReadProcessMemory veya WriteProcessMemory isteðinin sadece bir parçasý tamamlandý. (0x12B)
[0504/212346.550:ERROR:process_memory_win.cc(73)] ReadMemory at 0x20b95a8fc90 of 132 bytes failed: ReadProcessMemory veya WriteProcessMemory isteðinin sadece bir parçasý tamamlandý. (0x12B)
[0504/212346.550:ERROR:process_memory_win.cc(73)] ReadMemory at 0x20b95a8fdc0 of 132 bytes failed: ReadProcessMemory veya WriteProcessMemory isteðinin sadece bir parçasý tamamlandý. (0x12B)
[0504/212346.551:ERROR:process_memory_win.cc(73)] ReadMemory at 0x20b95a8fef0 of 132 bytes failed: ReadProcessMemory veya WriteProcessMemory isteðinin sadece bir parçasý tamamlandý. (0x12B)
[0504/212346.551:ERROR:process_memory_win.cc(73)] ReadMemory at 0x20b95a90020 of 132 bytes failed: ReadProcessMemory veya WriteProcessMemory isteðinin sadece bir parçasý tamamlandý. (0x12B)
[0504/212346.551:ERROR:process_memory_win.cc(73)] ReadMemory at 0x20b95a90150 of 132 bytes failed: ReadProcessMemory veya WriteProcessMemory isteðinin sadece bir parçasý tamamlandý. (0x12B)
[0504/212346.551:ERROR:process_memory_win.cc(73)] ReadMemory at 0x20b95a90280 of 132 bytes failed: ReadProcessMemory veya WriteProcessMemory isteðinin sadece bir parçasý tamamlandý. (0x12B)
[0504/212346.551:ERROR:process_memory_win.cc(73)] ReadMemory at 0x20b95a904e0 of 132 bytes failed: ReadProcessMemory veya WriteProcessMemory isteðinin sadece bir parçasý tamamlandý. (0x12B)
[0504/212346.551:ERROR:process_memory_win.cc(73)] ReadMemory at 0x20b95a94500 of 54 bytes failed: ReadProcessMemory veya WriteProcessMemory isteðinin sadece bir parçasý tamamlandý. (0x12B)
[0504/212346.551:ERROR:process_memory_win.cc(73)] ReadMemory at 0x20b95a94d40 of 132 bytes failed: ReadProcessMemory veya WriteProcessMemory isteðinin sadece bir parçasý tamamlandý. (0x12B)
[0504/212346.551:ERROR:process_memory_win.cc(73)] ReadMemory at 0x20b95a960d0 of 132 bytes failed: ReadProcessMemory veya WriteProcessMemory isteðinin sadece bir parçasý tamamlandý. (0x12B)
[0504/212346.551:ERROR:process_memory_win.cc(73)] ReadMemory at 0x20b95a97ce0 of 80 bytes failed: ReadProcessMemory veya WriteProcessMemory isteðinin sadece bir parçasý tamamlandý. (0x12B)
[0504/212346.551:ERROR:process_memory_win.cc(73)] ReadMemory at 0x20b95a97da0 of 76 bytes failed: ReadProcessMemory veya WriteProcessMemory isteðinin sadece bir parçasý tamamlandý. (0x12B)
[0504/212346.552:ERROR:process_memory_win.cc(73)] ReadMemory at 0x20b95a980e0 of 512 bytes failed: ReadProcessMemory veya WriteProcessMemory isteðinin sadece bir parçasý tamamlandý. (0x12B)
[0504/212346.552:ERROR:process_memory_win.cc(73)] ReadMemory at 0x20b95a989d0 of 58 bytes failed: ReadProcessMemory veya WriteProcessMemory isteðinin sadece bir parçasý tamamlandý. (0x12B)
[0504/212346.552:ERROR:process_memory_win.cc(73)] ReadMemory at 0x20b95a98a20 of 62 bytes failed: ReadProcessMemory veya WriteProcessMemory isteðinin sadece bir parçasý tamamlandý. (0x12B)
[0504/212346.552:ERROR:process_memory_win.cc(73)] ReadMemory at 0x20b95a98a70 of 64 bytes failed: ReadProcessMemory veya WriteProcessMemory isteðinin sadece bir parçasý tamamlandý. (0x12B)
[0504/212346.552:ERROR:process_memory_win.cc(73)] ReadMemory at 0x20b95a98b10 of 62 bytes failed: ReadProcessMemory veya WriteProcessMemory isteðinin sadece bir parçasý tamamlandý. (0x12B)
[0504/212346.552:ERROR:process_memory_win.cc(73)] ReadMemory at 0x20b95a98b60 of 64 bytes failed: ReadProcessMemory veya WriteProcessMemory isteðinin sadece bir parçasý tamamlandý. (0x12B)
[0504/212346.552:ERROR:process_memory_win.cc(73)] ReadMemory at 0x20b95a98bb0 of 62 bytes failed: ReadProcessMemory veya WriteProcessMemory isteðinin sadece bir parçasý tamamlandý. (0x12B)
[0504/212346.552:ERROR:process_memory_win.cc(73)] ReadMemory at 0x20b95a98c50 of 60 bytes failed: ReadProcessMemory veya WriteProcessMemory isteðinin sadece bir parçasý tamamlandý. (0x12B)
[0504/212346.552:ERROR:process_memory_win.cc(73)] ReadMemory at 0x20b95a98e80 of 62 bytes failed: ReadProcessMemory veya WriteProcessMemory isteðinin sadece bir parçasý tamamlandý. (0x12B)
[0504/212346.552:ERROR:process_memory_win.cc(73)] ReadMemory at 0x20b95a98ed0 of 62 bytes failed: ReadProcessMemory veya WriteProcessMemory isteðinin sadece bir parçasý tamamlandý. (0x12B)
[0504/212346.553:ERROR:process_memory_win.cc(73)] ReadMemory at 0x20b95a98f20 of 60 bytes failed: ReadProcessMemory veya WriteProcessMemory isteðinin sadece bir parçasý tamamlandý. (0x12B)
[0504/212346.553:ERROR:process_memory_win.cc(73)] ReadMemory at 0x20b95a98fc0 of 62 bytes failed: ReadProcessMemory veya WriteProcessMemory isteðinin sadece bir parçasý tamamlandý. (0x12B)
[0504/212346.553:ERROR:process_memory_win.cc(73)] ReadMemory at 0x20b95a990b0 of 60 bytes failed: ReadProcessMemory veya WriteProcessMemory isteðinin sadece bir parçasý tamamlandý. (0x12B)
[0504/212346.553:ERROR:process_memory_win.cc(73)] ReadMemory at 0x20b95a991a0 of 62 bytes failed: ReadProcessMemory veya WriteProcessMemory isteðinin sadece bir parçasý tamamlandý. (0x12B)
[0504/212346.553:ERROR:process_memory_win.cc(73)] ReadMemory at 0x20b95a991f0 of 60 bytes failed: ReadProcessMemory veya WriteProcessMemory isteðinin sadece bir parçasý tamamlandý. (0x12B)
[0504/212346.553:ERROR:process_memory_win.cc(73)] ReadMemory at 0x20b95a99240 of 62 bytes failed: ReadProcessMemory veya WriteProcessMemory isteðinin sadece bir parçasý tamamlandý. (0x12B)
[0504/212346.553:ERROR:process_memory_win.cc(73)] ReadMemory at 0x20b95a99290 of 64 bytes failed: ReadProcessMemory veya WriteProcessMemory isteðinin sadece bir parçasý tamamlandý. (0x12B)
[0504/212346.553:ERROR:process_memory_win.cc(73)] ReadMemory at 0x20b95a992e0 of 66 bytes failed: ReadProcessMemory veya WriteProcessMemory isteðinin sadece bir parçasý tamamlandý. (0x12B)
[0504/212346.553:ERROR:process_memory_win.cc(73)] ReadMemory at 0x20b95a994c0 of 64 bytes failed: ReadProcessMemory veya WriteProcessMemory isteðinin sadece bir parçasý tamamlandý. (0x12B)
[0504/212346.553:ERROR:process_memory_win.cc(73)] ReadMemory at 0x20b95a9b9e0 of 132 bytes failed: ReadProcessMemory veya WriteProcessMemory isteðinin sadece bir parçasý tamamlandý. (0x12B)
[0504/212346.554:ERROR:process_memory_win.cc(73)] ReadMemory at 0x20b95a9bd40 of 132 bytes failed: ReadProcessMemory veya WriteProcessMemory isteðinin sadece bir parçasý tamamlandý. (0x12B)
[0504/212346.554:ERROR:process_memory_win.cc(73)] ReadMemory at 0x20b95a9c0d0 of 132 bytes failed: ReadProcessMemory veya WriteProcessMemory isteðinin sadece bir parçasý tamamlandý. (0x12B)
[0504/212346.554:ERROR:process_memory_win.cc(73)] ReadMemory at 0x20b95a9c200 of 132 bytes failed: ReadProcessMemory veya WriteProcessMemory isteðinin sadece bir parçasý tamamlandý. (0x12B)
[0504/212346.554:ERROR:process_memory_win.cc(73)] ReadMemory at 0x20b95a9c460 of 132 bytes failed: ReadProcessMemory veya WriteProcessMemory isteðinin sadece bir parçasý tamamlandý. (0x12B)
[0504/212346.554:ERROR:process_memory_win.cc(73)] ReadMemory at 0x20b95a9c590 of 132 bytes failed: ReadProcessMemory veya WriteProcessMemory isteðinin sadece bir parçasý tamamlandý. (0x12B)
[0504/212346.554:ERROR:process_memory_win.cc(73)] ReadMemory at 0x20b95a9c7f0 of 132 bytes failed: ReadProcessMemory veya WriteProcessMemory isteðinin sadece bir parçasý tamamlandý. (0x12B)
[0504/212346.554:ERROR:process_memory_win.cc(73)] ReadMemory at 0x20b95a9cde0 of 132 bytes failed: ReadProcessMemory veya WriteProcessMemory isteðinin sadece bir parçasý tamamlandý. (0x12B)
[0504/212346.554:ERROR:process_memory_win.cc(73)] ReadMemory at 0x20b95a9d040 of 132 bytes failed: ReadProcessMemory veya WriteProcessMemory isteðinin sadece bir parçasý tamamlandý. (0x12B)
[0504/212346.554:ERROR:process_memory_win.cc(73)] ReadMemory at 0x20b95a9d760 of 132 bytes failed: ReadProcessMemory veya WriteProcessMemory isteðinin sadece bir parçasý tamamlandý. (0x12B)
[0504/212346.554:ERROR:process_memory_win.cc(73)] ReadMemory at 0x20b95a9d890 of 132 bytes failed: ReadProcessMemory veya WriteProcessMemory isteðinin sadece bir parçasý tamamlandý. (0x12B)
[0504/212346.554:ERROR:process_memory_win.cc(73)] ReadMemory at 0x20b95a9daf0 of 132 bytes failed: ReadProcessMemory veya WriteProcessMemory isteðinin sadece bir parçasý tamamlandý. (0x12B)
[0504/212346.554:ERROR:process_memory_win.cc(73)] ReadMemory at 0x20b95ab3730 of 512 bytes failed: ReadProcessMemory veya WriteProcessMemory isteðinin sadece bir parçasý tamamlandý. (0x12B)
[0504/212346.554:ERROR:process_memory_win.cc(73)] ReadMemory at 0x20b95ab44d0 of 512 bytes failed: ReadProcessMemory veya WriteProcessMemory isteðinin sadece bir parçasý tamamlandý. (0x12B)
[0504/212346.554:ERROR:process_memory_win.cc(73)] ReadMemory at 0x20b95ab7790 of 512 bytes failed: ReadProcessMemory veya WriteProcessMemory isteðinin sadece bir parçasý tamamlandý. (0x12B)
[0504/212346.554:ERROR:process_memory_win.cc(73)] ReadMemory at 0x20b95e60dc0 of 512 bytes failed: ReadProcessMemory veya WriteProcessMemory isteðinin sadece bir parçasý tamamlandý. (0x12B)
[0504/212346.554:ERROR:process_memory_win.cc(73)] ReadMemory at 0x20b962d1910 of 512 bytes failed: ReadProcessMemory veya WriteProcessMemory isteðinin sadece bir parçasý tamamlandý. (0x12B)
[0504/212346.555:ERROR:process_memory_win.cc(73)] ReadMemory at 0x20b962d4ab0 of 512 bytes failed: ReadProcessMemory veya WriteProcessMemory isteðinin sadece bir parçasý tamamlandý. (0x12B)
[0504/212346.555:ERROR:process_memory_win.cc(73)] ReadMemory at 0x20b962d4e70 of 512 bytes failed: ReadProcessMemory veya WriteProcessMemory isteðinin sadece bir parçasý tamamlandý. (0x12B)
[0504/212346.555:ERROR:process_memory_win.cc(73)] ReadMemory at 0x20b962d5fc0 of 512 bytes failed: ReadProcessMemory veya WriteProcessMemory isteðinin sadece bir parçasý tamamlandý. (0x12B)
[0504/212346.555:ERROR:process_memory_win.cc(73)] ReadMemory at 0x20b962f7b80 of 712 bytes failed: ReadProcessMemory veya WriteProcessMemory isteðinin sadece bir parçasý tamamlandý. (0x12B)
[0504/212346.555:ERROR:process_memory_win.cc(73)] ReadMemory at 0x20b97953da0 of 512 bytes failed: ReadProcessMemory veya WriteProcessMemory isteðinin sadece bir parçasý tamamlandý. (0x12B)
[0504/212346.555:ERROR:process_memory_win.cc(73)] ReadMemory at 0x20b97973500 of 512 bytes failed: ReadProcessMemory veya WriteProcessMemory isteðinin sadece bir parçasý tamamlandý. (0x12B)
[0504/212346.555:ERROR:process_memory_win.cc(73)] ReadMemory at 0x20b97974530 of 512 bytes failed: ReadProcessMemory veya WriteProcessMemory isteðinin sadece bir parçasý tamamlandý. (0x12B)
[0504/212346.555:ERROR:process_memory_win.cc(73)] ReadMemory at 0x20b97a4a170 of 512 bytes failed: ReadProcessMemory veya WriteProcessMemory isteðinin sadece bir parçasý tamamlandý. (0x12B)
[0504/212346.555:ERROR:process_memory_win.cc(73)] ReadMemory at 0x77bf8ecb4fa8 of 512 bytes failed: ReadProcessMemory veya WriteProcessMemory isteðinin sadece bir parçasý tamamlandý. (0x12B)
[0504/212346.555:ERROR:process_memory_win.cc(73)] ReadMemory at 0x7ff90f0ccba4 of 512 bytes failed: ReadProcessMemory veya WriteProcessMemory isteðinin sadece bir parçasý tamamlandý. (0x12B)
[0504/212346.555:ERROR:process_memory_win.cc(73)] ReadMemory at 0x7ff9116f943c of 512 bytes failed: ReadProcessMemory veya WriteProcessMemory isteðinin sadece bir parçasý tamamlandý. (0x12B)
[0504/212346.555:ERROR:process_memory_win.cc(73)] ReadMemory at 0x7ff912515aff of 512 bytes failed: ReadProcessMemory veya WriteProcessMemory isteðinin sadece bir parçasý tamamlandý. (0x12B)
[0504/212346.556:ERROR:process_memory_win.cc(73)] ReadMemory at 0x7ff9164b6460 of 512 bytes failed: ReadProcessMemory veya WriteProcessMemory isteðinin sadece bir parçasý tamamlandý. (0x12B)
[0504/212346.556:ERROR:process_memory_win.cc(73)] ReadMemory at 0x7ff9727ab6e0 of 512 bytes failed: ReadProcessMemory veya WriteProcessMemory isteðinin sadece bir parçasý tamamlandý. (0x12B)
[0504/212346.556:ERROR:process_memory_win.cc(73)] ReadMemory at 0x7ff9755dc074 of 672 bytes failed: ReadProcessMemory veya WriteProcessMemory isteðinin sadece bir parçasý tamamlandý. (0x12B)
[0504/212346.556:ERROR:process_memory_win.cc(73)] ReadMemory at 0x7ff9755dc674 of 512 bytes failed: ReadProcessMemory veya WriteProcessMemory isteðinin sadece bir parçasý tamamlandý. (0x12B)
[0504/212346.556:ERROR:process_memory_win.cc(73)] ReadMemory at 0x7ff9755df924 of 608 bytes failed: ReadProcessMemory veya WriteProcessMemory isteðinin sadece bir parçasý tamamlandý. (0x12B)
[0504/212346.556:ERROR:process_memory_win.cc(73)] ReadMemory at 0x7ff97566c428 of 18 bytes failed: ReadProcessMemory veya WriteProcessMemory isteðinin sadece bir parçasý tamamlandý. (0x12B)
[0504/212346.556:ERROR:process_memory_win.cc(73)] ReadMemory at 0x7ff97569f4f8 of 40 bytes failed: ReadProcessMemory veya WriteProcessMemory isteðinin sadece bir parçasý tamamlandý. (0x12B)
[0504/212346.556:ERROR:process_memory_win.cc(73)] ReadMemory at 0x7ff97569f978 of 48 bytes failed: ReadProcessMemory veya WriteProcessMemory isteðinin sadece bir parçasý tamamlandý. (0x12B)
[0504/212346.556:ERROR:process_memory_win.cc(73)] ReadMemory at 0x7ff9756a53c0 of 64 bytes failed: ReadProcessMemory veya WriteProcessMemory isteðinin sadece bir parçasý tamamlandý. (0x12B)
[0504/212346.558:ERROR:scoped_process_suspend.cc(40)] NtResumeProcess: Sona ermekte olan bir iþleme eriþmeye çalýþýldý. (0xc000010a)
